Host: ui2.grid.kiae.ru. Date: 2017-03-25
Directory path = root://muon.grid.kiae.ru//dcache/fedcloud/zar/rep0/ui2.grid.kiae.ru/ using block size for operations of: 10240 KB

info="all thread read info" mean=5.10023 MB/s stddev=0.666132 open/s=0.51894 
info="all thread write info" mean=5.27858 MB/s stddev= 0.309492 open/s=0.51894

Host: alice06.spbu.ru. Date: 2017-03-25
Directory path = root://muon.grid.kiae.ru//dcache/fedcloud/zar/rep0/alice06/ using block size for operations of: 10240 KB

info="all thread read info" mean=3.26466 MB/s stddev=2.88754 open/s=0.272896 
info="all thread write info" mean=2.19327 MB/s stddev= 0.39162 open/s=0.272896

Host: eostest.pnpi.nw.ru. Date: 2017-03-25
Directory path = root://muon.grid.kiae.ru//dcache/fedcloud/zar/rep0/eostest.pnpi.nw.ru/ using block size for operations of: 10240 KB

info="all thread read info" mean=19.6847 MB/s stddev=0.194418 open/s=2.01203 
info="all thread write info" mean=20.5559 MB/s stddev= 3.00703 open/s=2.01203

Host: gridmsu1.sinp.msu.ru. Date: 2017-03-25
Directory path = root://muon.grid.kiae.ru//dcache/fedcloud/zar/rep0/gridmsu1.sinp.msu.ru/ using block size for operations of: 10240 KB

info="all thread read info" mean=8.96873 MB/s stddev=1.40614 open/s=1.26632 
info="all thread write info" mean=16.3578 MB/s stddev= 2.28017 open/s=1.26632

Host: vm173.jinr.ru. Date: 2017-03-25
Directory path = root://muon.grid.kiae.ru//dcache/fedcloud/zar/rep0/vm173.jinr.ru/ using block size for operations of: 10240 KB

info="all thread read info" mean=3.13894 MB/s stddev=0.188167 open/s=0.443376 
info="all thread write info" mean=5.72857 MB/s stddev= 0.555294 open/s=0.443376

Host: uieos.itep.ru. Date: 2017-03-25
Directory path = root://muon.grid.kiae.ru//dcache/fedcloud/zar/rep0/vobox2.itep.ru/ using block size for operations of: 10240 KB

info="all thread read info" mean=17.1727 MB/s stddev=5.36131 open/s=0.980667 
info="all thread write info" mean=2.44066 MB/s stddev= 0.174652 open/s=0.980667

