Host: ui2.grid.kiae.ru. Date: 2017-11-29
Directory path = root://muon.grid.kiae.ru//dcache/fedcloud/zar/rep0/10.ui2.grid.kiae.ru/ using block size for operations of: 10240 KB

info="all thread read info" mean=5.47425 MB/s stddev=0.110228 open/s=0.543889 
info="all thread write info" mean=5.40352 MB/s stddev= 0.00117753 open/s=0.543889

Host: alice06.spbu.ru. Date: 2017-11-29
Directory path = root://muon.grid.kiae.ru//dcache/fedcloud/zar/rep0/10.alice06.spbu.ru/ using block size for operations of: 10240 KB

info="all thread read info" mean=1.19222 MB/s stddev=0.0611717 open/s=0.278279 
info="all thread write info" mean=4.37336 MB/s stddev= 0.0281611 open/s=0.278279

Host: eostest.pnpi.nw.ru. Date: 2017-11-29
Directory path = root://muon.grid.kiae.ru//dcache/fedcloud/zar/rep0/10.eostest.pnpi.nw.ru/ using block size for operations of: 10240 KB

info="all thread read info" mean=4.86439 MB/s stddev=0.165265 open/s=0.51678 
info="all thread write info" mean=5.47121 MB/s stddev= 0.115723 open/s=0.51678

Host: vm221-124.jinr.ru. Date: 2017-11-29
Directory path = root://muon.grid.kiae.ru//dcache/fedcloud/zar/rep0/10.vm221-124.jinr.ru/ using block size for operations of: 10240 KB

info="all thread read info" mean=14.2836 MB/s stddev=0.732719 open/s=1.27277 
info="all thread write info" mean=11.1718 MB/s stddev= 1.35498 open/s=1.27277

Host: uieos.itep.ru. Date: 2017-11-29
Directory path = root://muon.grid.kiae.ru//dcache/fedcloud/zar/rep0/10.vobox2.itep.ru/ using block size for operations of: 10240 KB

info="all thread read info" mean=13.1065 MB/s stddev=1.22327 open/s=1.2646 
info="all thread write info" mean=12.1854 MB/s stddev= 1.46972 open/s=1.2646

