Host: ui2.grid.kiae.ru. Date: 2017-03-25
Directory path = root://muon.grid.kiae.ru//eos/fedcloud/zar/rep0/ui2.grid.kiae.ru/ using block size for operations of: 10240 KB

info="all thread read info" mean=5.58389 MB/s stddev=0.000492954 open/s=0.548608 
info="all thread write info" mean=5.38826 MB/s stddev= 0.12949 open/s=0.548608

Host: alice06.spbu.ru. Date: 2017-03-25
Directory path = root://muon.grid.kiae.ru//eos/fedcloud/zar/rep0/alice06/ using block size for operations of: 10240 KB

info="all thread read info" mean=1.38083 MB/s stddev=0.0482875 open/s=0.092586 
info="all thread write info" mean=0.470893 MB/s stddev= 0.00967306 open/s=0.092586

Host: eostest.pnpi.nw.ru. Date: 2017-03-25
Directory path = root://muon.grid.kiae.ru//eos/fedcloud/zar/rep0/eostest.pnpi.nw.ru/ using block size for operations of: 10240 KB

info="all thread read info" mean=39.0831 MB/s stddev=0.0784286 open/s=3.55672 
info="all thread write info" mean=32.0513 MB/s stddev= 0.854913 open/s=3.55672

Host: gridmsu1.sinp.msu.ru. Date: 2017-03-25
Directory path = root://muon.grid.kiae.ru//eos/fedcloud/zar/rep0/gridmsu1.sinp.msu.ru/ using block size for operations of: 10240 KB

info="all thread read info" mean=28.5692 MB/s stddev=0.741792 open/s=3.6149 
info="all thread write info" mean=43.7288 MB/s stddev= 0.720599 open/s=3.6149

Host: vm173.jinr.ru. Date: 2017-03-25
Directory path = root://muon.grid.kiae.ru//eos/fedcloud/zar/rep0/vm173.jinr.ru/ using block size for operations of: 10240 KB

info="all thread read info" mean=5.53459 MB/s stddev=0.000131563 open/s=0.559905 
info="all thread write info" mean=5.66352 MB/s stddev= 0.14735 open/s=0.559905

Host: uieos.itep.ru. Date: 2017-03-25
Directory path = root://muon.grid.kiae.ru//eos/fedcloud/zar/rep0/vobox2.itep.ru/ using block size for operations of: 10240 KB

info="all thread read info" mean=46.2901 MB/s stddev=1.74142 open/s=3.22834 
info="all thread write info" mean=18.2767 MB/s stddev= 0.294599 open/s=3.22834

