Host: ui2.grid.kiae.ru. Date: 2017-03-25
Directory path = root://alice01.spbu.ru//eos/spbcloud/test/zar/rep0/ui2.grid.kiae.ru/ using block size for operations of: 10240 KB

info="all thread read info" mean=2.9472 MB/s stddev=0.297972 open/s=0.390932 
info="all thread write info" mean=4.87144 MB/s stddev= 0.471331 open/s=0.390932

Host: alice06.spbu.ru. Date: 2017-03-25
Directory path = root://alice01.spbu.ru//eos/spbcloud/test/zar/rep0/alice06/ using block size for operations of: 10240 KB

info="all thread read info" mean=3.52961 MB/s stddev=0.18813 open/s=0.302462 
info="all thread write info" mean=2.51964 MB/s stddev= 0.0674063 open/s=0.302462

Host: eostest.pnpi.nw.ru. Date: 2017-03-25
Directory path = root://alice01.spbu.ru//eos/spbcloud/test/zar/rep0/eostest.pnpi.nw.ru/ using block size for operations of: 10240 KB

info="all thread read info" mean=3.85751 MB/s stddev=0.658061 open/s=1.07118 
info="all thread write info" mean=17.566 MB/s stddev= 0.878806 open/s=1.07118

Host: gridmsu1.sinp.msu.ru. Date: 2017-03-25
Directory path = root://alice01.spbu.ru//eos/spbcloud/test/zar/rep0/gridmsu1.sinp.msu.ru/ using block size for operations of: 10240 KB

info="all thread read info" mean=11.3734 MB/s stddev=0.530232 open/s=1.08437 
info="all thread write info" mean=10.3141 MB/s stddev= 0.67591 open/s=1.08437

Host: vm173.jinr.ru. Date: 2017-03-25
Directory path = root://alice01.spbu.ru//eos/spbcloud/test/zar/rep0/vm173.jinr.ru/ using block size for operations of: 10240 KB

info="all thread read info" mean=1.94794 MB/s stddev=0.00904678 open/s=0.26913 
info="all thread write info" mean=3.43465 MB/s stddev= 0.022035 open/s=0.26913

Host: uieos.itep.ru. Date: 2017-03-25
Directory path = root://alice01.spbu.ru//eos/spbcloud/test/zar/rep0/vobox2.itep.ru/ using block size for operations of: 10240 KB

info="all thread read info" mean=2.0552 MB/s stddev=0.0400282 open/s=0.14193 
info="all thread write info" mean=0.783397 MB/s stddev= 0.0415925 open/s=0.14193

